<?xml version="1.0" encoding="utf-8"?><testsuites name="pytest tests"><testsuite name="pytest" errors="0" failures="0" skipped="0" tests="36" time="3.054" timestamp="2026-07-17T17:06:11.093166+00:00" hostname="agent-env-a688fbbb-5756-4574-a3ad-e5c50fb358b5"><testcase classname="backend.tests.test_attendance_accounting.TestAttendance" name="test_meta" time="0.218" /><testcase classname="backend.tests.test_attendance_accounting.TestAttendance" name="test_leave_rules_get_put" time="0.114" /><testcase classname="backend.tests.test_attendance_accounting.TestAttendance" name="test_checkin_flow" time="0.155" /><testcase classname="backend.tests.test_attendance_accounting.TestAttendance" name="test_me_today" time="0.050" /><testcase classname="backend.tests.test_attendance_accounting.TestAttendance" name="test_me_summary" time="0.047" /><testcase classname="backend.tests.test_attendance_accounting.TestAttendance" name="test_monthly_admin" time="0.051" /><testcase classname="backend.tests.test_attendance_accounting.TestAttendance" name="test_override" time="0.048" /><testcase classname="backend.tests.test_attendance_accounting.TestAttendance" name="test_checkout_without_checkin_returns_400_for_new_emp" time="0.047" /><testcase classname="backend.tests.test_attendance_accounting.TestLeaves" name="test_invalid_leave_type" time="0.050" /><testcase classname="backend.tests.test_attendance_accounting.TestLeaves" name="test_create_and_approve_leave" time="0.205" /><testcase classname="backend.tests.test_attendance_accounting.TestLeaves" name="test_leave_balance" time="0.063" /><testcase classname="backend.tests.test_attendance_accounting.TestAccounting" name="test_meta" time="0.049" /><testcase classname="backend.tests.test_attendance_accounting.TestAccounting" name="test_filter_expense_accounts" time="0.050" /><testcase classname="backend.tests.test_attendance_accounting.TestAccounting" name="test_create_custom_account" time="0.046" /><testcase classname="backend.tests.test_attendance_accounting.TestAccounting" name="test_journal_balanced" time="0.098" /><testcase classname="backend.tests.test_attendance_accounting.TestAccounting" name="test_journal_unbalanced_400" time="0.049" /><testcase classname="backend.tests.test_attendance_accounting.TestAccounting" name="test_journal_zero_400" time="0.047" /><testcase classname="backend.tests.test_attendance_accounting.TestAccounting" name="test_income_wrapper" time="0.055" /><testcase classname="backend.tests.test_attendance_accounting.TestAccounting" name="test_expense_wrapper_with_gst" time="0.052" /><testcase classname="backend.tests.test_attendance_accounting.TestAccounting" name="test_journal_filters" time="0.049" /><testcase classname="backend.tests.test_attendance_accounting.TestAccounting" name="test_account_ledger" time="0.052" /><testcase classname="backend.tests.test_attendance_accounting.TestAccounting" name="test_pl_report" time="0.052" /><testcase classname="backend.tests.test_attendance_accounting.TestAccounting" name="test_trial_balance_equal" time="0.056" /><testcase classname="backend.tests.test_attendance_accounting.TestAccounting" name="test_dashboard" time="0.053" /><testcase classname="backend.tests.test_attendance_accounting.TestVendorsMilestones" name="test_vendors_crud" time="0.153" /><testcase classname="backend.tests.test_attendance_accounting.TestVendorsMilestones" name="test_milestones_crud" time="0.289" /><testcase classname="backend.tests.test_attendance_accounting.TestVendorsMilestones" name="test_project_ledger" time="0.106" /><testcase classname="backend.tests.test_attendance_accounting.TestVendorsMilestones" name="test_client_ledger" time="0.103" /><testcase classname="backend.tests.test_attendance_accounting.TestBackwardCompat" name="test_endpoint_200[/auth/me]" time="0.046" /><testcase classname="backend.tests.test_attendance_accounting.TestBackwardCompat" name="test_endpoint_200[/dashboard/stats]" time="0.052" /><testcase classname="backend.tests.test_attendance_accounting.TestBackwardCompat" name="test_endpoint_200[/projects]" time="0.052" /><testcase classname="backend.tests.test_attendance_accounting.TestBackwardCompat" name="test_endpoint_200[/employees]" time="0.046" /><testcase classname="backend.tests.test_attendance_accounting.TestBackwardCompat" name="test_endpoint_200[/leads]" time="0.053" /><testcase classname="backend.tests.test_attendance_accounting.TestBackwardCompat" name="test_endpoint_200[/quotations-adv]" time="0.055" /><testcase classname="backend.tests.test_attendance_accounting.TestBackwardCompat" name="test_endpoint_200[/tasks]" time="0.053" /><testcase classname="backend.tests.test_attendance_accounting.TestBackwardCompat" name="test_endpoint_200[/tasks/meta]" time="0.046" /></testsuite></testsuites>