<?xml version="1.0" encoding="utf-8"?><testsuites name="pytest tests"><testsuite name="pytest" errors="0" failures="0" skipped="0" tests="18" time="5.295" timestamp="2026-07-22T09:29:06.820277+00:00" hostname="agent-env-b7cdb0e8-650e-42f5-a0bd-65e85b84344d"><testcase classname="tests.test_notifications_accounting" name="test_list_notifications_admin" time="0.167" /><testcase classname="tests.test_notifications_accounting" name="test_unread_count_endpoint" time="0.103" /><testcase classname="tests.test_notifications_accounting" name="test_task_assigned_emits_to_other_user" time="0.206" /><testcase classname="tests.test_notifications_accounting" name="test_task_self_assignment_no_notif" time="0.207" /><testcase classname="tests.test_notifications_accounting" name="test_leave_request_and_decide_emissions" time="0.518" /><testcase classname="tests.test_notifications_accounting" name="test_scan_is_idempotent" time="0.433" /><testcase classname="tests.test_notifications_accounting" name="test_mark_read_and_dismiss" time="0.819" /><testcase classname="tests.test_notifications_accounting" name="test_designer_denied_balance_sheet" time="0.112" /><testcase classname="tests.test_notifications_accounting" name="test_balance_sheet_structure_and_income_effect" time="0.315" /><testcase classname="tests.test_notifications_accounting" name="test_cash_flow" time="0.103" /><testcase classname="tests.test_notifications_accounting" name="test_extended_dashboard" time="0.099" /><testcase classname="tests.test_notifications_accounting" name="test_csv_exports[/accounting/reports/pl.csv-section,account,amount]" time="0.110" /><testcase classname="tests.test_notifications_accounting" name="test_csv_exports[/accounting/reports/trial-balance.csv-account_name,account_type,debit,credit,balance]" time="0.099" /><testcase classname="tests.test_notifications_accounting" name="test_csv_exports[/accounting/reports/balance-sheet.csv-section,name,balance]" time="0.101" /><testcase classname="tests.test_notifications_accounting" name="test_csv_exports[/accounting/reports/cash-flow.csv-section,line,amount]" time="0.104" /><testcase classname="tests.test_notifications_accounting" name="test_csv_exports[/journal-entries.csv-date,reference,narration,source,account,account_type,debit,credit,project_id,client_id,vendor_id]" time="0.097" /><testcase classname="tests.test_notifications_accounting" name="test_journal_csv_vendor_filter" time="0.206" /><testcase classname="tests.test_notifications_accounting" name="test_account_approved_notif" time="0.868" /></testsuite></testsuites>