<?xml version="1.0" encoding="utf-8"?><testsuites name="pytest tests"><testsuite name="pytest" errors="1" failures="0" skipped="0" tests="18" time="8.658" timestamp="2026-07-22T08:56:03.065659+00:00" hostname="agent-env-b7cdb0e8-650e-42f5-a0bd-65e85b84344d"><testcase classname="tests.test_audit_fix_pack.TestD2ChangeReset" name="test_change_password_google_only_400" time="0.300" /><testcase classname="tests.test_audit_fix_pack.TestB1SeedGated" name="test_seed_returns_403[/seed]" time="0.256" /><testcase classname="tests.test_audit_fix_pack.TestB1SeedGated" name="test_seed_returns_403[/employees/seed]" time="0.161" /><testcase classname="tests.test_audit_fix_pack.TestD2ChangeReset" name="test_change_password_google_only_admin_400" time="0.106" /><testcase classname="tests.test_audit_fix_pack.TestD2ChangeReset" name="test_change_password_wrong_old" time="2.781" /><testcase classname="tests.test_audit_fix_pack.TestB1SeedGated" name="test_seed_returns_403[/quotations-adv/seed]" time="0.337" /><testcase classname="tests.test_audit_fix_pack.TestC1PendingGate" name="test_pending_user_blocked_on_leads" time="0.328" /><testcase classname="tests.test_audit_fix_pack.TestC1PendingGate" name="test_pending_user_can_hit_me" time="0.097" /><testcase classname="tests.test_audit_fix_pack.TestD1PasswordLogin" name="test_register_and_login_both_identifiers" time="2.329" /><testcase classname="tests.test_audit_fix_pack.TestD2ChangeReset" name="test_admin_reset_invalidates_sessions" time="1.710" /><testcase classname="tests.test_audit_fix_pack.TestD1PasswordLogin" name="test_brute_force_lockout" time="1.383" /><testcase classname="tests.test_audit_fix_pack.TestC2Approval" name="test_approve_flow" time="1.013" /><testcase classname="tests.test_audit_fix_pack.TestA1DashboardRevenue" name="test_revenue_reflects_income_journal" time="0.099"><error message="failed on setup with &quot;AssertionError: {&quot;detail&quot;:&quot;Not Found&quot;}&#10;assert 404 == 200&#10; +  where 404 = &lt;Response [404]&gt;.status_code&quot;">backend/tests/test_audit_fix_pack.py:40: in coa_accounts
    assert r.status_code == 200, r.text
E   AssertionError: {"detail":"Not Found"}
E   assert 404 == 200
E    +  where 404 = &lt;Response [404]&gt;.status_code</error></testcase><testcase classname="tests.test_audit_fix_pack.TestA2TaskVendorContact" name="test_task_backfills_vendor_contact_and_appears_on_vendor" time="0.510" /><testcase classname="tests.test_audit_fix_pack.TestA4Utilization" name="test_priority_weighted_load" time="0.487" /><testcase classname="tests.test_audit_fix_pack.TestC2Approval" name="test_reject_flow" time="0.610" /><testcase classname="tests.test_audit_fix_pack.TestDirectorVendors" name="test_director_can_list_vendors" time="1.092" /><testcase classname="tests.test_audit_fix_pack.TestD1PendingBlock" name="test_pending_password_user_blocked" time="1.335" /></testsuite></testsuites>