<?xml version="1.0" encoding="utf-8"?><testsuites name="pytest tests"><testsuite name="pytest" errors="0" failures="1" skipped="0" tests="17" time="7.053" timestamp="2026-07-22T10:15:03.051415+00:00" hostname="agent-env-b7cdb0e8-650e-42f5-a0bd-65e85b84344d"><testcase classname="tests.test_vendor_commissions" name="test_coa_has_commission_income_accounts" time="0.228" /><testcase classname="tests.test_vendor_commissions" name="test_patch_commercial_percentage" time="0.364" /><testcase classname="tests.test_vendor_commissions" name="test_bill_create_auto_commission_percentage" time="0.224" /><testcase classname="tests.test_vendor_commissions" name="test_fixed_type" time="0.237" /><testcase classname="tests.test_vendor_commissions" name="test_slab_type" time="0.212" /><testcase classname="tests.test_vendor_commissions" name="test_bill_patch_recomputes_commission" time="0.328" /><testcase classname="tests.test_vendor_commissions" name="test_delete_bill_drops_commission" time="0.424"><failure message="assert not True&#10; +  where True = any(&lt;generator object test_delete_bill_drops_commission.&lt;locals&gt;.&lt;genexpr&gt; at 0xf9d327b374c0&gt;)">backend/tests/test_vendor_commissions.py:170: in test_delete_bill_drops_commission
    assert not any(x["bill_id"] == b["id"] for x in rows)
E   assert not True
E    +  where True = any(&lt;generator object test_delete_bill_drops_commission.&lt;locals&gt;.&lt;genexpr&gt; at 0xf9d327b374c0&gt;)</failure></testcase><testcase classname="tests.test_vendor_commissions" name="test_min_purchase_gate" time="0.310" /><testcase classname="tests.test_vendor_commissions" name="test_effective_from_future" time="0.324" /><testcase classname="tests.test_vendor_commissions" name="test_receive_commission_creates_je" time="0.412" /><testcase classname="tests.test_vendor_commissions" name="test_receive_rbac_pm_forbidden" time="0.450" /><testcase classname="tests.test_vendor_commissions" name="test_fifo_and_unallocated" time="1.111" /><testcase classname="tests.test_vendor_commissions" name="test_commission_ledger_reconciles" time="0.102" /><testcase classname="tests.test_vendor_commissions" name="test_dashboard" time="0.105" /><testcase classname="tests.test_vendor_commissions" name="test_report_and_csv" time="0.206" /><testcase classname="tests.test_vendor_commissions" name="test_regression_endpoints" time="0.572" /><testcase classname="tests.test_vendor_commissions" name="test_client_role_forbidden_on_read" time="0.860" /></testsuite></testsuites>