<?xml version="1.0" encoding="utf-8"?><testsuites name="pytest tests"><testsuite name="pytest" errors="0" failures="2" skipped="0" tests="20" time="1.786" timestamp="2026-07-17T09:01:14.041917+00:00" hostname="agent-env-a688fbbb-5756-4574-a3ad-e5c50fb358b5"><testcase classname="backend.tests.test_tasks_module" name="test_tasks_meta" time="0.225" /><testcase classname="backend.tests.test_tasks_module" name="test_create_vendor_task" time="0.156" /><testcase classname="backend.tests.test_tasks_module" name="test_get_task" time="0.098"><failure message="assert False&#10; +  where False = isinstance(None, list)">backend/tests/test_tasks_module.py:113: in test_get_task
    assert isinstance(d["attachments"], list)
E   assert False
E    +  where False = isinstance(None, list)</failure></testcase><testcase classname="backend.tests.test_tasks_module" name="test_filters" time="0.047" /><testcase classname="backend.tests.test_tasks_module" name="test_update_task_timeline" time="0.046" /><testcase classname="backend.tests.test_tasks_module" name="test_patch_status_lane" time="0.049"><failure message="AssertionError: assert 'todo' == 'in_progress'&#10;  &#10;  - in_progress&#10;  + todo">backend/tests/test_tasks_module.py:150: in test_patch_status_lane
    assert d["status"] == "in_progress"
E   AssertionError: assert 'todo' == 'in_progress'
E     
E     - in_progress
E     + todo</failure></testcase><testcase classname="backend.tests.test_tasks_module" name="test_patch_status_detail" time="0.048" /><testcase classname="backend.tests.test_tasks_module" name="test_patch_status_invalid" time="0.042" /><testcase classname="backend.tests.test_tasks_module" name="test_bulk_update" time="0.095" /><testcase classname="backend.tests.test_tasks_module" name="test_update_follow_up" time="0.126" /><testcase classname="backend.tests.test_tasks_module" name="test_delete_follow_up" time="0.094" /><testcase classname="backend.tests.test_tasks_module" name="test_reminders_upcoming" time="0.050" /><testcase classname="backend.tests.test_tasks_module" name="test_project_areas_and_categories" time="0.223" /><testcase classname="backend.tests.test_tasks_module" name="test_delete_task" time="0.129" /><testcase classname="backend.tests.test_tasks_module" name="test_backward_compat[/api/auth/me]" time="0.042" /><testcase classname="backend.tests.test_tasks_module" name="test_backward_compat[/api/dashboard/stats]" time="0.049" /><testcase classname="backend.tests.test_tasks_module" name="test_backward_compat[/api/projects]" time="0.044" /><testcase classname="backend.tests.test_tasks_module" name="test_backward_compat[/api/employees]" time="0.044" /><testcase classname="backend.tests.test_tasks_module" name="test_backward_compat[/api/leads]" time="0.044" /><testcase classname="backend.tests.test_tasks_module" name="test_backward_compat[/api/quotations-adv]" time="0.044" /></testsuite></testsuites>