<?xml version="1.0" encoding="utf-8"?><testsuites name="pytest tests"><testsuite name="pytest" errors="0" failures="0" skipped="0" tests="20" time="1.817" timestamp="2026-07-17T09:05:43.973361+00:00" hostname="agent-env-a688fbbb-5756-4574-a3ad-e5c50fb358b5"><testcase classname="backend.tests.test_tasks_module" name="test_tasks_meta" time="0.236" /><testcase classname="backend.tests.test_tasks_module" name="test_create_vendor_task" time="0.176" /><testcase classname="backend.tests.test_tasks_module" name="test_get_task" time="0.098" /><testcase classname="backend.tests.test_tasks_module" name="test_filters" time="0.060" /><testcase classname="backend.tests.test_tasks_module" name="test_update_task_timeline" time="0.048" /><testcase classname="backend.tests.test_tasks_module" name="test_patch_status_lane" time="0.054" /><testcase classname="backend.tests.test_tasks_module" name="test_patch_status_detail" time="0.050" /><testcase classname="backend.tests.test_tasks_module" name="test_patch_status_invalid" time="0.049" /><testcase classname="backend.tests.test_tasks_module" name="test_bulk_update" time="0.105" /><testcase classname="backend.tests.test_tasks_module" name="test_update_follow_up" time="0.112" /><testcase classname="backend.tests.test_tasks_module" name="test_delete_follow_up" time="0.090" /><testcase classname="backend.tests.test_tasks_module" name="test_reminders_upcoming" time="0.050" /><testcase classname="backend.tests.test_tasks_module" name="test_project_areas_and_categories" time="0.238" /><testcase classname="backend.tests.test_tasks_module" name="test_delete_task" time="0.098" /><testcase classname="backend.tests.test_tasks_module" name="test_backward_compat[/api/auth/me]" time="0.047" /><testcase classname="backend.tests.test_tasks_module" name="test_backward_compat[/api/dashboard/stats]" time="0.052" /><testcase classname="backend.tests.test_tasks_module" name="test_backward_compat[/api/projects]" time="0.047" /><testcase classname="backend.tests.test_tasks_module" name="test_backward_compat[/api/employees]" time="0.047" /><testcase classname="backend.tests.test_tasks_module" name="test_backward_compat[/api/leads]" time="0.047" /><testcase classname="backend.tests.test_tasks_module" name="test_backward_compat[/api/quotations-adv]" time="0.046" /></testsuite></testsuites>