<?xml version="1.0" encoding="utf-8"?><testsuites name="pytest tests"><testsuite name="pytest" errors="0" failures="0" skipped="0" tests="22" time="73.993" timestamp="2026-07-21T14:16:51.229879+00:00" hostname="agent-env-b7cdb0e8-650e-42f5-a0bd-65e85b84344d"><testcase classname="tests.test_vendors_module.TestVendorMeta" name="test_meta_shape" time="0.249" /><testcase classname="tests.test_vendors_module.TestVendorCRUD" name="test_list_returns_created" time="0.287" /><testcase classname="tests.test_vendors_module.TestVendorCRUD" name="test_search_q" time="0.135" /><testcase classname="tests.test_vendors_module.TestVendorCRUD" name="test_filter_agency_type" time="0.123" /><testcase classname="tests.test_vendors_module.TestVendorCRUD" name="test_get_detail_summary" time="0.140" /><testcase classname="tests.test_vendors_module.TestVendorCRUD" name="test_patch_partial" time="0.113" /><testcase classname="tests.test_vendors_module.TestVendorCRUD" name="test_patch_invalid_agency_type" time="0.107" /><testcase classname="tests.test_vendors_module.TestVendorCRUD" name="test_soft_delete_and_undelete" time="0.305" /><testcase classname="tests.test_vendors_module.TestVendorDocuments" name="test_add_and_remove_document" time="0.491" /><testcase classname="tests.test_vendors_module.TestVendorRatings" name="test_ratings_average" time="0.465" /><testcase classname="tests.test_vendors_module.TestVendorBills" name="test_create_bill_computes_totals" time="0.129" /><testcase classname="tests.test_vendors_module.TestVendorBills" name="test_patch_bill_recomputes" time="0.139" /><testcase classname="tests.test_vendors_module.TestVendorBills" name="test_patch_bill_invalid_status" time="0.127" /><testcase classname="tests.test_vendors_module.TestVendorBills" name="test_delete_unpaid_bill_hard" time="0.323" /><testcase classname="tests.test_vendors_module.TestVendorPayments" name="test_create_payment_creates_je" time="0.598" /><testcase classname="tests.test_vendors_module.TestVendorPayments" name="test_fifo_settlement_no_bill_ids" time="0.111" /><testcase classname="tests.test_vendors_module.TestVendorLedger" name="test_ledger_running_balance" time="0.139" /><testcase classname="tests.test_vendors_module.TestVendorPerformance" name="test_performance_score" time="0.109" /><testcase classname="tests.test_vendors_module.TestVendorRBAC" name="test_designer_read_ok_write_forbidden" time="68.853" /><testcase classname="tests.test_vendors_module.TestVendorRBAC" name="test_employee_read_ok_create_forbidden" time="0.241" /><testcase classname="tests.test_vendors_module.TestVendorRBAC" name="test_hr_forbidden_read" time="0.139" /><testcase classname="tests.test_vendors_module.TestVendorRBAC" name="test_accountant_full_access" time="0.500" /></testsuite></testsuites>